# JRE version: Java(TM) SE Runtime Environment (8.0_91-b14) (build 1.8.0_91-b14)
# Java VM: Java HotSpot(TM) 64-Bit Server VM (25.91-b14 mixed mode linux-amd64 compressed oops)
Heap:
 def new generation   total 11264K, used 8091K [0x00000000f0600000, 0x00000000f1230000, 0x00000000f5950000)
  eden space 10048K,  73% used [0x00000000f0600000, 0x00000000f0d407c8, 0x00000000f0fd0000)
  from space 1216K,  54% used [0x00000000f1100000, 0x00000000f11a6788, 0x00000000f1230000)
  to   space 1216K,   0% used [0x00000000f0fd0000, 0x00000000f0fd0000, 0x00000000f1100000)
 tenured generation   total 24804K, used 16238K [0x00000000f5950000, 0x00000000f7189000, 0x0000000100000000)
   the space 24804K,  65% used [0x00000000f5950000, 0x00000000f692ba20, 0x00000000f692bc00, 0x00000000f7189000)
 Metaspace       used 24512K, capacity 24816K, committed 24960K, reserved 1071104K
  class space    used 3037K, capacity 3157K, committed 3200K, reserved 1048576K
GC Heap History (10 events):
Event: 15,179 GC heap before
{Heap before GC invocations=57 (full 2):
 def new generation   total 11264K, used 10476K [0x00000000f0600000, 0x00000000f1230000, 0x00000000f5950000)
  eden space 10048K, 100% used [0x00000000f0600000, 0x00000000f0fd0000, 0x00000000f0fd0000)
  from space 1216K,  35% used [0x00000000f0fd0000, 0x00000000f103b3f8, 0x00000000f1100000)
  to   space 1216K,   0% used [0x00000000f1100000, 0x00000000f1100000, 0x00000000f1230000)
 tenured generation   total 24804K, used 14880K [0x00000000f5950000, 0x00000000f7189000, 0x0000000100000000)
   the space 24804K,  59% used [0x00000000f5950000, 0x00000000f67d81f0, 0x00000000f67d8200, 0x00000000f7189000)
 Metaspace       used 22780K, capacity 23134K, committed 23424K, reserved 1069056K
  class space    used 2772K, capacity 2898K, committed 2944K, reserved 1048576K
Event: 15,186 GC heap after
Heap after GC invocations=58 (full 2):
 def new generation   total 11264K, used 457K [0x00000000f0600000, 0x00000000f1230000, 0x00000000f5950000)
  eden space 10048K,   0% used [0x00000000f0600000, 0x00000000f0600000, 0x00000000f0fd0000)
  from space 1216K,  37% used [0x00000000f1100000, 0x00000000f11726b0, 0x00000000f1230000)
  to   space 1216K,   0% used [0x00000000f0fd0000, 0x00000000f0fd0000, 0x00000000f1100000)
 tenured generation   total 24804K, used 14880K [0x00000000f5950000, 0x00000000f7189000, 0x0000000100000000)
   the space 24804K,  59% used [0x00000000f5950000, 0x00000000f67d81f0, 0x00000000f67d8200, 0x00000000f7189000)
 Metaspace       used 22780K, capacity 23134K, committed 23424K, reserved 1069056K
  class space    used 2772K, capacity 2898K, committed 2944K, reserved 1048576K
}
Event: 15,382 GC heap before
{Heap before GC invocations=58 (full 2):
 def new generation   total 11264K, used 10505K [0x00000000f0600000, 0x00000000f1230000, 0x00000000f5950000)
  eden space 10048K, 100% used [0x00000000f0600000, 0x00000000f0fd0000, 0x00000000f0fd0000)
  from space 1216K,  37% used [0x00000000f1100000, 0x00000000f11726b0, 0x00000000f1230000)
  to   space 1216K,   0% used [0x00000000f0fd0000, 0x00000000f0fd0000, 0x00000000f1100000)
 tenured generation   total 24804K, used 14880K [0x00000000f5950000, 0x00000000f7189000, 0x0000000100000000)
   the space 24804K,  59% used [0x00000000f5950000, 0x00000000f67d81f0, 0x00000000f67d8200, 0x00000000f7189000)
 Metaspace       used 22971K, capacity 23358K, committed 23424K, reserved 1069056K
  class space    used 2800K, capacity 2930K, committed 2944K, reserved 1048576K
Event: 15,388 GC heap after
Heap after GC invocations=59 (full 2):
 def new generation   total 11264K, used 760K [0x00000000f0600000, 0x00000000f1230000, 0x00000000f5950000)
  eden space 10048K,   0% used [0x00000000f0600000, 0x00000000f0600000, 0x00000000f0fd0000)
  from space 1216K,  62% used [0x00000000f0fd0000, 0x00000000f108e110, 0x00000000f1100000)
  to   space 1216K,   0% used [0x00000000f1100000, 0x00000000f1100000, 0x00000000f1230000)
 tenured generation   total 24804K, used 14880K [0x00000000f5950000, 0x00000000f7189000, 0x0000000100000000)
   the space 24804K,  59% used [0x00000000f5950000, 0x00000000f67d81f0, 0x00000000f67d8200, 0x00000000f7189000)
 Metaspace       used 22971K, capacity 23358K, committed 23424K, reserved 1069056K
  class space    used 2800K, capacity 2930K, committed 2944K, reserved 1048576K
}
Event: 16,236 GC heap before
{Heap before GC invocations=59 (full 2):
 def new generation   total 11264K, used 10808K [0x00000000f0600000, 0x00000000f1230000, 0x00000000f5950000)
  eden space 10048K, 100% used [0x00000000f0600000, 0x00000000f0fd0000, 0x00000000f0fd0000)
  from space 1216K,  62% used [0x00000000f0fd0000, 0x00000000f108e110, 0x00000000f1100000)
  to   space 1216K,   0% used [0x00000000f1100000, 0x00000000f1100000, 0x00000000f1230000)
 tenured generation   total 24804K, used 14880K [0x00000000f5950000, 0x00000000f7189000, 0x0000000100000000)
   the space 24804K,  59% used [0x00000000f5950000, 0x00000000f67d81f0, 0x00000000f67d8200, 0x00000000f7189000)
 Metaspace       used 23776K, capacity 24164K, committed 24320K, reserved 1071104K
  class space    used 2917K, capacity 3027K, committed 3072K, reserved 1048576K
Event: 16,264 GC heap after
Heap after GC invocations=60 (full 2):
 def new generation   total 11264K, used 1215K [0x00000000f0600000, 0x00000000f1230000, 0x00000000f5950000)
  eden space 10048K,   0% used [0x00000000f0600000, 0x00000000f0600000, 0x00000000f0fd0000)
  from space 1216K,  99% used [0x00000000f1100000, 0x00000000f122fff0, 0x00000000f1230000)
  to   space 1216K,   0% used [0x00000000f0fd0000, 0x00000000f0fd0000, 0x00000000f1100000)
 tenured generation   total 24804K, used 15390K [0x00000000f5950000, 0x00000000f7189000, 0x0000000100000000)
   the space 24804K,  62% used [0x00000000f5950000, 0x00000000f6857b40, 0x00000000f6857c00, 0x00000000f7189000)
 Metaspace       used 23776K, capacity 24164K, committed 24320K, reserved 1071104K
  class space    used 2917K, capacity 3027K, committed 3072K, reserved 1048576K
}
Event: 17,058 GC heap before
{Heap before GC invocations=60 (full 2):
 def new generation   total 11264K, used 11263K [0x00000000f0600000, 0x00000000f1230000, 0x00000000f5950000)
  eden space 10048K, 100% used [0x00000000f0600000, 0x00000000f0fd0000, 0x00000000f0fd0000)
  from space 1216K,  99% used [0x00000000f1100000, 0x00000000f122fff0, 0x00000000f1230000)
  to   space 1216K,   0% used [0x00000000f0fd0000, 0x00000000f0fd0000, 0x00000000f1100000)
 tenured generation   total 24804K, used 15390K [0x00000000f5950000, 0x00000000f7189000, 0x0000000100000000)
   the space 24804K,  62% used [0x00000000f5950000, 0x00000000f6857b40, 0x00000000f6857c00, 0x00000000f7189000)
 Metaspace       used 24088K, capacity 24426K, committed 24704K, reserved 1071104K
  class space    used 2967K, capacity 3092K, committed 3200K, reserved 1048576K
Event: 17,071 GC heap after
Heap after GC invocations=61 (full 2):
 def new generation   total 11264K, used 684K [0x00000000f0600000, 0x00000000f1230000, 0x00000000f5950000)
  eden space 10048K,   0% used [0x00000000f0600000, 0x00000000f0600000, 0x00000000f0fd0000)
  from space 1216K,  56% used [0x00000000f0fd0000, 0x00000000f107b268, 0x00000000f1100000)
  to   space 1216K,   0% used [0x00000000f1100000, 0x00000000f1100000, 0x00000000f1230000)
 tenured generation   total 24804K, used 15956K [0x00000000f5950000, 0x00000000f7189000, 0x0000000100000000)
   the space 24804K,  64% used [0x00000000f5950000, 0x00000000f68e50b8, 0x00000000f68e5200, 0x00000000f7189000)
 Metaspace       used 24088K, capacity 24426K, committed 24704K, reserved 1071104K
  class space    used 2967K, capacity 3092K, committed 3200K, reserved 1048576K
}
Event: 17,624 GC heap before
{Heap before GC invocations=61 (full 2):
 def new generation   total 11264K, used 10732K [0x00000000f0600000, 0x00000000f1230000, 0x00000000f5950000)
  eden space 10048K, 100% used [0x00000000f0600000, 0x00000000f0fd0000, 0x00000000f0fd0000)
  from space 1216K,  56% used [0x00000000f0fd0000, 0x00000000f107b268, 0x00000000f1100000)
  to   space 1216K,   0% used [0x00000000f1100000, 0x00000000f1100000, 0x00000000f1230000)
 tenured generation   total 24804K, used 15956K [0x00000000f5950000, 0x00000000f7189000, 0x0000000100000000)
   the space 24804K,  64% used [0x00000000f5950000, 0x00000000f68e50b8, 0x00000000f68e5200, 0x00000000f7189000)
 Metaspace       used 24137K, capacity 24496K, committed 24704K, reserved 1071104K
  class space    used 2974K, capacity 3093K, committed 3200K, reserved 1048576K
Event: 17,638 GC heap after
Heap after GC invocations=62 (full 2):
 def new generation   total 11264K, used 665K [0x00000000f0600000, 0x00000000f1230000, 0x00000000f5950000)
  eden space 10048K,   0% used [0x00000000f0600000, 0x00000000f0600000, 0x00000000f0fd0000)
  from space 1216K,  54% used [0x00000000f1100000, 0x00000000f11a6788, 0x00000000f1230000)
  to   space 1216K,   0% used [0x00000000f0fd0000, 0x00000000f0fd0000, 0x00000000f1100000)
 tenured generation   total 24804K, used 16238K [0x00000000f5950000, 0x00000000f7189000, 0x0000000100000000)
   the space 24804K,  65% used [0x00000000f5950000, 0x00000000f692ba20, 0x00000000f692bc00, 0x00000000f7189000)
 Metaspace       used 24137K, capacity 24496K, committed 24704K, reserved 1071104K
  class space    used 2974K, capacity 3093K, committed 3200K, reserved 1048576K
}

