# JRE version: Java(TM) SE Runtime Environment (8.0_91-b14) (build 1.8.0_91-b14)
# Java VM: Java HotSpot(TM) 64-Bit Server VM (25.91-b14 mixed mode linux-amd64 compressed oops)
Heap:
 def new generation   total 11328K, used 2533K [0x00000000f0600000, 0x00000000f1240000, 0x00000000f5950000)
  eden space 10112K,  16% used [0x00000000f0600000, 0x00000000f0794ed8, 0x00000000f0fe0000)
  from space 1216K,  75% used [0x00000000f0fe0000, 0x00000000f10c4680, 0x00000000f1110000)
  to   space 1216K,   0% used [0x00000000f1110000, 0x00000000f1110000, 0x00000000f1240000)
 tenured generation   total 24952K, used 16817K [0x00000000f5950000, 0x00000000f71ae000, 0x0000000100000000)
   the space 24952K,  67% used [0x00000000f5950000, 0x00000000f69bc538, 0x00000000f69bc600, 0x00000000f71ae000)
 Metaspace       used 25571K, capacity 25916K, committed 26112K, reserved 1073152K
  class space    used 3184K, capacity 3287K, committed 3328K, reserved 1048576K
GC Heap History (10 events):
Event: 14,697 GC heap before
{Heap before GC invocations=59 (full 2):
 def new generation   total 11328K, used 11327K [0x00000000f0600000, 0x00000000f1240000, 0x00000000f5950000)
  eden space 10112K, 100% used [0x00000000f0600000, 0x00000000f0fe0000, 0x00000000f0fe0000)
  from space 1216K,  99% used [0x00000000f1110000, 0x00000000f123ff50, 0x00000000f1240000)
  to   space 1216K,   0% used [0x00000000f0fe0000, 0x00000000f0fe0000, 0x00000000f1110000)
 tenured generation   total 24952K, used 15358K [0x00000000f5950000, 0x00000000f71ae000, 0x0000000100000000)
   the space 24952K,  61% used [0x00000000f5950000, 0x00000000f684faa0, 0x00000000f684fc00, 0x00000000f71ae000)
 Metaspace       used 23907K, capacity 24260K, committed 24576K, reserved 1071104K
  class space    used 2942K, capacity 3059K, committed 3072K, reserved 1048576K
Event: 14,729 GC heap after
Heap after GC invocations=60 (full 2):
 def new generation   total 11328K, used 899K [0x00000000f0600000, 0x00000000f1240000, 0x00000000f5950000)
  eden space 10112K,   0% used [0x00000000f0600000, 0x00000000f0600000, 0x00000000f0fe0000)
  from space 1216K,  73% used [0x00000000f0fe0000, 0x00000000f10c0d08, 0x00000000f1110000)
  to   space 1216K,   0% used [0x00000000f1110000, 0x00000000f1110000, 0x00000000f1240000)
 tenured generation   total 24952K, used 15942K [0x00000000f5950000, 0x00000000f71ae000, 0x0000000100000000)
   the space 24952K,  63% used [0x00000000f5950000, 0x00000000f68e1b38, 0x00000000f68e1c00, 0x00000000f71ae000)
 Metaspace       used 23907K, capacity 24260K, committed 24576K, reserved 1071104K
  class space    used 2942K, capacity 3059K, committed 3072K, reserved 1048576K
}
Event: 15,030 GC heap before
{Heap before GC invocations=60 (full 2):
 def new generation   total 11328K, used 11011K [0x00000000f0600000, 0x00000000f1240000, 0x00000000f5950000)
  eden space 10112K, 100% used [0x00000000f0600000, 0x00000000f0fe0000, 0x00000000f0fe0000)
  from space 1216K,  73% used [0x00000000f0fe0000, 0x00000000f10c0d08, 0x00000000f1110000)
  to   space 1216K,   0% used [0x00000000f1110000, 0x00000000f1110000, 0x00000000f1240000)
 tenured generation   total 24952K, used 15942K [0x00000000f5950000, 0x00000000f71ae000, 0x0000000100000000)
   the space 24952K,  63% used [0x00000000f5950000, 0x00000000f68e1b38, 0x00000000f68e1c00, 0x00000000f71ae000)
 Metaspace       used 24072K, capacity 24426K, committed 24704K, reserved 1071104K
  class space    used 2967K, capacity 3092K, committed 3200K, reserved 1048576K
Event: 15,042 GC heap after
Heap after GC invocations=61 (full 2):
 def new generation   total 11328K, used 799K [0x00000000f0600000, 0x00000000f1240000, 0x00000000f5950000)
  eden space 10112K,   0% used [0x00000000f0600000, 0x00000000f0600000, 0x00000000f0fe0000)
  from space 1216K,  65% used [0x00000000f1110000, 0x00000000f11d7c40, 0x00000000f1240000)
  to   space 1216K,   0% used [0x00000000f0fe0000, 0x00000000f0fe0000, 0x00000000f1110000)
 tenured generation   total 24952K, used 16274K [0x00000000f5950000, 0x00000000f71ae000, 0x0000000100000000)
   the space 24952K,  65% used [0x00000000f5950000, 0x00000000f6934b80, 0x00000000f6934c00, 0x00000000f71ae000)
 Metaspace       used 24072K, capacity 24426K, committed 24704K, reserved 1071104K
  class space    used 2967K, capacity 3092K, committed 3200K, reserved 1048576K
}
Event: 15,631 GC heap before
{Heap before GC invocations=61 (full 2):
 def new generation   total 11328K, used 10911K [0x00000000f0600000, 0x00000000f1240000, 0x00000000f5950000)
  eden space 10112K, 100% used [0x00000000f0600000, 0x00000000f0fe0000, 0x00000000f0fe0000)
  from space 1216K,  65% used [0x00000000f1110000, 0x00000000f11d7c40, 0x00000000f1240000)
  to   space 1216K,   0% used [0x00000000f0fe0000, 0x00000000f0fe0000, 0x00000000f1110000)
 tenured generation   total 24952K, used 16274K [0x00000000f5950000, 0x00000000f71ae000, 0x0000000100000000)
   the space 24952K,  65% used [0x00000000f5950000, 0x00000000f6934b80, 0x00000000f6934c00, 0x00000000f71ae000)
 Metaspace       used 24295K, capacity 24656K, committed 24960K, reserved 1071104K
  class space    used 3005K, capacity 3125K, committed 3200K, reserved 1048576K
Event: 15,649 GC heap after
Heap after GC invocations=62 (full 2):
 def new generation   total 11328K, used 622K [0x00000000f0600000, 0x00000000f1240000, 0x00000000f5950000)
  eden space 10112K,   0% used [0x00000000f0600000, 0x00000000f0600000, 0x00000000f0fe0000)
  from space 1216K,  51% used [0x00000000f0fe0000, 0x00000000f107b920, 0x00000000f1110000)
  to   space 1216K,   0% used [0x00000000f1110000, 0x00000000f1110000, 0x00000000f1240000)
 tenured generation   total 24952K, used 16382K [0x00000000f5950000, 0x00000000f71ae000, 0x0000000100000000)
   the space 24952K,  65% used [0x00000000f5950000, 0x00000000f694f988, 0x00000000f694fa00, 0x00000000f71ae000)
 Metaspace       used 24295K, capacity 24656K, committed 24960K, reserved 1071104K
  class space    used 3005K, capacity 3125K, committed 3200K, reserved 1048576K
}
Event: 16,207 GC heap before
{Heap before GC invocations=62 (full 2):
 def new generation   total 11328K, used 10734K [0x00000000f0600000, 0x00000000f1240000, 0x00000000f5950000)
  eden space 10112K, 100% used [0x00000000f0600000, 0x00000000f0fe0000, 0x00000000f0fe0000)
  from space 1216K,  51% used [0x00000000f0fe0000, 0x00000000f107b920, 0x00000000f1110000)
  to   space 1216K,   0% used [0x00000000f1110000, 0x00000000f1110000, 0x00000000f1240000)
 tenured generation   total 24952K, used 16382K [0x00000000f5950000, 0x00000000f71ae000, 0x0000000100000000)
   the space 24952K,  65% used [0x00000000f5950000, 0x00000000f694f988, 0x00000000f694fa00, 0x00000000f71ae000)
 Metaspace       used 24731K, capacity 25110K, committed 25216K, reserved 1071104K
  class space    used 3066K, capacity 3190K, committed 3200K, reserved 1048576K
Event: 16,226 GC heap after
Heap after GC invocations=63 (full 2):
 def new generation   total 11328K, used 824K [0x00000000f0600000, 0x00000000f1240000, 0x00000000f5950000)
  eden space 10112K,   0% used [0x00000000f0600000, 0x00000000f0600000, 0x00000000f0fe0000)
  from space 1216K,  67% used [0x00000000f1110000, 0x00000000f11de038, 0x00000000f1240000)
  to   space 1216K,   0% used [0x00000000f0fe0000, 0x00000000f0fe0000, 0x00000000f1110000)
 tenured generation   total 24952K, used 16585K [0x00000000f5950000, 0x00000000f71ae000, 0x0000000100000000)
   the space 24952K,  66% used [0x00000000f5950000, 0x00000000f6982408, 0x00000000f6982600, 0x00000000f71ae000)
 Metaspace       used 24731K, capacity 25110K, committed 25216K, reserved 1071104K
  class space    used 3066K, capacity 3190K, committed 3200K, reserved 1048576K
}
Event: 17,560 GC heap before
{Heap before GC invocations=63 (full 2):
 def new generation   total 11328K, used 10936K [0x00000000f0600000, 0x00000000f1240000, 0x00000000f5950000)
  eden space 10112K, 100% used [0x00000000f0600000, 0x00000000f0fe0000, 0x00000000f0fe0000)
  from space 1216K,  67% used [0x00000000f1110000, 0x00000000f11de038, 0x00000000f1240000)
  to   space 1216K,   0% used [0x00000000f0fe0000, 0x00000000f0fe0000, 0x00000000f1110000)
 tenured generation   total 24952K, used 16585K [0x00000000f5950000, 0x00000000f71ae000, 0x0000000100000000)
   the space 24952K,  66% used [0x00000000f5950000, 0x00000000f6982408, 0x00000000f6982600, 0x00000000f71ae000)
 Metaspace       used 25313K, capacity 25628K, committed 25856K, reserved 1071104K
  class space    used 3154K, capacity 3255K, committed 3328K, reserved 1048576K
Event: 17,608 GC heap after
Heap after GC invocations=64 (full 2):
 def new generation   total 11328K, used 913K [0x00000000f0600000, 0x00000000f1240000, 0x00000000f5950000)
  eden space 10112K,   0% used [0x00000000f0600000, 0x00000000f0600000, 0x00000000f0fe0000)
  from space 1216K,  75% used [0x00000000f0fe0000, 0x00000000f10c4680, 0x00000000f1110000)
  to   space 1216K,   0% used [0x00000000f1110000, 0x00000000f1110000, 0x00000000f1240000)
 tenured generation   total 24952K, used 16817K [0x00000000f5950000, 0x00000000f71ae000, 0x0000000100000000)
   the space 24952K,  67% used [0x00000000f5950000, 0x00000000f69bc538, 0x00000000f69bc600, 0x00000000f71ae000)
 Metaspace       used 25313K, capacity 25628K, committed 25856K, reserved 1071104K
  class space    used 3154K, capacity 3255K, committed 3328K, reserved 1048576K
}

