# JRE version: Java(TM) SE Runtime Environment (8.0_91-b14) (build 1.8.0_91-b14)
# Java VM: Java HotSpot(TM) 64-Bit Server VM (25.91-b14 mixed mode linux-amd64 compressed oops)
Heap:
 def new generation   total 11264K, used 0K [0x00000000f0600000, 0x00000000f1230000, 0x00000000f5950000)
  eden space 10048K,   0% used [0x00000000f0600000, 0x00000000f0600000, 0x00000000f0fd0000)
  from space 1216K,   0% used [0x00000000f1100000, 0x00000000f1100000, 0x00000000f1230000)
  to   space 1216K,   0% used [0x00000000f0fd0000, 0x00000000f0fd0000, 0x00000000f1100000)
 tenured generation   total 25256K, used 22281K [0x00000000f5950000, 0x00000000f71fa000, 0x0000000100000000)
   the space 25256K,  88% used [0x00000000f5950000, 0x00000000f6f12480, 0x00000000f6f12600, 0x00000000f71fa000)
 Metaspace       used 33540K, capacity 33908K, committed 34304K, reserved 1079296K
  class space    used 4156K, capacity 4279K, committed 4352K, reserved 1048576K
GC Heap History (10 events):
Event: 30,907 GC heap after
Heap after GC invocations=84 (full 2):
 def new generation   total 11264K, used 562K [0x00000000f0600000, 0x00000000f1230000, 0x00000000f5950000)
  eden space 10048K,   0% used [0x00000000f0600000, 0x00000000f0600000, 0x00000000f0fd0000)
  from space 1216K,  46% used [0x00000000f0fd0000, 0x00000000f105cac0, 0x00000000f1100000)
  to   space 1216K,   0% used [0x00000000f1100000, 0x00000000f1100000, 0x00000000f1230000)
 tenured generation   total 24872K, used 23261K [0x00000000f5950000, 0x00000000f719a000, 0x0000000100000000)
   the space 24872K,  93% used [0x00000000f5950000, 0x00000000f7007650, 0x00000000f7007800, 0x00000000f719a000)
 Metaspace       used 31899K, capacity 32238K, committed 32512K, reserved 1077248K
  class space    used 3956K, capacity 4074K, committed 4096K, reserved 1048576K
}
Event: 31,417 GC heap before
{Heap before GC invocations=84 (full 2):
 def new generation   total 11264K, used 10610K [0x00000000f0600000, 0x00000000f1230000, 0x00000000f5950000)
  eden space 10048K, 100% used [0x00000000f0600000, 0x00000000f0fd0000, 0x00000000f0fd0000)
  from space 1216K,  46% used [0x00000000f0fd0000, 0x00000000f105cac0, 0x00000000f1100000)
  to   space 1216K,   0% used [0x00000000f1100000, 0x00000000f1100000, 0x00000000f1230000)
 tenured generation   total 24872K, used 23261K [0x00000000f5950000, 0x00000000f719a000, 0x0000000100000000)
   the space 24872K,  93% used [0x00000000f5950000, 0x00000000f7007650, 0x00000000f7007800, 0x00000000f719a000)
 Metaspace       used 32133K, capacity 32526K, committed 32896K, reserved 1077248K
  class space    used 3989K, capacity 4106K, committed 4224K, reserved 1048576K
Event: 31,445 GC heap after
Heap after GC invocations=85 (full 2):
 def new generation   total 11264K, used 1095K [0x00000000f0600000, 0x00000000f1230000, 0x00000000f5950000)
  eden space 10048K,   0% used [0x00000000f0600000, 0x00000000f0600000, 0x00000000f0fd0000)
  from space 1216K,  90% used [0x00000000f1100000, 0x00000000f1211e88, 0x00000000f1230000)
  to   space 1216K,   0% used [0x00000000f0fd0000, 0x00000000f0fd0000, 0x00000000f1100000)
 tenured generation   total 24872K, used 23261K [0x00000000f5950000, 0x00000000f719a000, 0x0000000100000000)
   the space 24872K,  93% used [0x00000000f5950000, 0x00000000f7007650, 0x00000000f7007800, 0x00000000f719a000)
 Metaspace       used 32133K, capacity 32526K, committed 32896K, reserved 1077248K
  class space    used 3989K, capacity 4106K, committed 4224K, reserved 1048576K
}
Event: 31,993 GC heap before
{Heap before GC invocations=85 (full 2):
 def new generation   total 11264K, used 11143K [0x00000000f0600000, 0x00000000f1230000, 0x00000000f5950000)
  eden space 10048K, 100% used [0x00000000f0600000, 0x00000000f0fd0000, 0x00000000f0fd0000)
  from space 1216K,  90% used [0x00000000f1100000, 0x00000000f1211e88, 0x00000000f1230000)
  to   space 1216K,   0% used [0x00000000f0fd0000, 0x00000000f0fd0000, 0x00000000f1100000)
 tenured generation   total 24872K, used 23261K [0x00000000f5950000, 0x00000000f719a000, 0x0000000100000000)
   the space 24872K,  93% used [0x00000000f5950000, 0x00000000f7007650, 0x00000000f7007800, 0x00000000f719a000)
 Metaspace       used 32669K, capacity 33038K, committed 33408K, reserved 1079296K
  class space    used 4056K, capacity 4182K, committed 4224K, reserved 1048576K
Event: 32,020 GC heap after
Heap after GC invocations=86 (full 2):
 def new generation   total 11264K, used 1215K [0x00000000f0600000, 0x00000000f1230000, 0x00000000f5950000)
  eden space 10048K,   0% used [0x00000000f0600000, 0x00000000f0600000, 0x00000000f0fd0000)
  from space 1216K,  99% used [0x00000000f0fd0000, 0x00000000f10ffff0, 0x00000000f1100000)
  to   space 1216K,   0% used [0x00000000f1100000, 0x00000000f1100000, 0x00000000f1230000)
 tenured generation   total 24872K, used 23889K [0x00000000f5950000, 0x00000000f719a000, 0x0000000100000000)
   the space 24872K,  96% used [0x00000000f5950000, 0x00000000f70a4560, 0x00000000f70a4600, 0x00000000f719a000)
 Metaspace       used 32669K, capacity 33038K, committed 33408K, reserved 1079296K
  class space    used 4056K, capacity 4182K, committed 4224K, reserved 1048576K
}
Event: 32,425 GC heap before
{Heap before GC invocations=86 (full 2):
 def new generation   total 11264K, used 11263K [0x00000000f0600000, 0x00000000f1230000, 0x00000000f5950000)
  eden space 10048K, 100% used [0x00000000f0600000, 0x00000000f0fd0000, 0x00000000f0fd0000)
  from space 1216K,  99% used [0x00000000f0fd0000, 0x00000000f10ffff0, 0x00000000f1100000)
  to   space 1216K,   0% used [0x00000000f1100000, 0x00000000f1100000, 0x00000000f1230000)
 tenured generation   total 24872K, used 23889K [0x00000000f5950000, 0x00000000f719a000, 0x0000000100000000)
   the space 24872K,  96% used [0x00000000f5950000, 0x00000000f70a4560, 0x00000000f70a4600, 0x00000000f719a000)
 Metaspace       used 32754K, capacity 33108K, committed 33408K, reserved 1079296K
  class space    used 4058K, capacity 4183K, committed 4224K, reserved 1048576K
Event: 32,459 GC heap after
Heap after GC invocations=87 (full 2):
 def new generation   total 11264K, used 394K [0x00000000f0600000, 0x00000000f1230000, 0x00000000f5950000)
  eden space 10048K,   0% used [0x00000000f0600000, 0x00000000f0600000, 0x00000000f0fd0000)
  from space 1216K,  32% used [0x00000000f1100000, 0x00000000f1162888, 0x00000000f1230000)
  to   space 1216K,   0% used [0x00000000f0fd0000, 0x00000000f0fd0000, 0x00000000f1100000)
 tenured generation   total 24872K, used 24858K [0x00000000f5950000, 0x00000000f719a000, 0x0000000100000000)
   the space 24872K,  99% used [0x00000000f5950000, 0x00000000f7196a00, 0x00000000f7196a00, 0x00000000f719a000)
 Metaspace       used 32754K, capacity 33108K, committed 33408K, reserved 1079296K
  class space    used 4058K, capacity 4183K, committed 4224K, reserved 1048576K
}
Event: 33,205 GC heap before
{Heap before GC invocations=87 (full 2):
 def new generation   total 11264K, used 10442K [0x00000000f0600000, 0x00000000f1230000, 0x00000000f5950000)
  eden space 10048K, 100% used [0x00000000f0600000, 0x00000000f0fd0000, 0x00000000f0fd0000)
  from space 1216K,  32% used [0x00000000f1100000, 0x00000000f1162888, 0x00000000f1230000)
  to   space 1216K,   0% used [0x00000000f0fd0000, 0x00000000f0fd0000, 0x00000000f1100000)
 tenured generation   total 24872K, used 24858K [0x00000000f5950000, 0x00000000f719a000, 0x0000000100000000)
   the space 24872K,  99% used [0x00000000f5950000, 0x00000000f7196a00, 0x00000000f7196a00, 0x00000000f719a000)
 Metaspace       used 32861K, capacity 33236K, committed 33664K, reserved 1079296K
  class space    used 4069K, capacity 4183K, committed 4224K, reserved 1048576K
Event: 33,272 GC heap after
Heap after GC invocations=88 (full 2):
 def new generation   total 11264K, used 695K [0x00000000f0600000, 0x00000000f1230000, 0x00000000f5950000)
  eden space 10048K,   0% used [0x00000000f0600000, 0x00000000f0600000, 0x00000000f0fd0000)
  from space 1216K,  57% used [0x00000000f0fd0000, 0x00000000f107dd18, 0x00000000f1100000)
  to   space 1216K,   0% used [0x00000000f1100000, 0x00000000f1100000, 0x00000000f1230000)
 tenured generation   total 24872K, used 24858K [0x00000000f5950000, 0x00000000f719a000, 0x0000000100000000)
   the space 24872K,  99% used [0x00000000f5950000, 0x00000000f7196a00, 0x00000000f7196a00, 0x00000000f719a000)
 Metaspace       used 32861K, capacity 33236K, committed 33664K, reserved 1079296K
  class space    used 4069K, capacity 4183K, committed 4224K, reserved 1048576K
}
Event: 34,557 GC heap before
{Heap before GC invocations=88 (full 2):
 def new generation   total 11264K, used 10743K [0x00000000f0600000, 0x00000000f1230000, 0x00000000f5950000)
  eden space 10048K, 100% used [0x00000000f0600000, 0x00000000f0fd0000, 0x00000000f0fd0000)
  from space 1216K,  57% used [0x00000000f0fd0000, 0x00000000f107dd18, 0x00000000f1100000)
  to   space 1216K,   0% used [0x00000000f1100000, 0x00000000f1100000, 0x00000000f1230000)
 tenured generation   total 24872K, used 24858K [0x00000000f5950000, 0x00000000f719a000, 0x0000000100000000)
   the space 24872K,  99% used [0x00000000f5950000, 0x00000000f7196a00, 0x00000000f7196a00, 0x00000000f719a000)
 Metaspace       used 33540K, capacity 33908K, committed 34304K, reserved 1079296K
  class space    used 4156K, capacity 4279K, committed 4352K, reserved 1048576K

