# JRE version: Java(TM) SE Runtime Environment (8.0_91-b14) (build 1.8.0_91-b14)
# Java VM: Java HotSpot(TM) 64-Bit Server VM (25.91-b14 mixed mode linux-amd64 compressed oops)
Heap:
 def new generation   total 8064K, used 8063K [0x00000000f0600000, 0x00000000f0ec0000, 0x00000000f5950000)
  eden space 7168K, 100% used [0x00000000f0600000, 0x00000000f0d00000, 0x00000000f0d00000)
  from space 896K,  99% used [0x00000000f0de0000, 0x00000000f0ebfff8, 0x00000000f0ec0000)
  to   space 896K,  38% used [0x00000000f0d00000, 0x00000000f0d57018, 0x00000000f0de0000)
 tenured generation   total 17772K, used 17771K [0x00000000f5950000, 0x00000000f6aab000, 0x0000000100000000)
   the space 17772K,  99% used [0x00000000f5950000, 0x00000000f6aaafe8, 0x00000000f6aab000, 0x00000000f6aab000)
 Metaspace       used 22559K, capacity 22950K, committed 23168K, reserved 1069056K
  class space    used 2741K, capacity 2862K, committed 2944K, reserved 1048576K
GC Heap History (10 events):
Event: 20,172 GC heap after
Heap after GC invocations=50 (full 1):
 def new generation   total 8064K, used 664K [0x00000000f0600000, 0x00000000f0ec0000, 0x00000000f5950000)
  eden space 7168K,   0% used [0x00000000f0600000, 0x00000000f0600000, 0x00000000f0d00000)
  from space 896K,  74% used [0x00000000f0de0000, 0x00000000f0e862e0, 0x00000000f0ec0000)
  to   space 896K,   0% used [0x00000000f0d00000, 0x00000000f0d00000, 0x00000000f0de0000)
 tenured generation   total 17772K, used 15735K [0x00000000f5950000, 0x00000000f6aab000, 0x0000000100000000)
   the space 17772K,  88% used [0x00000000f5950000, 0x00000000f68adf38, 0x00000000f68ae000, 0x00000000f6aab000)
 Metaspace       used 22490K, capacity 22790K, committed 23168K, reserved 1069056K
  class space    used 2721K, capacity 2830K, committed 2944K, reserved 1048576K
}
Event: 21,289 GC heap before
{Heap before GC invocations=50 (full 1):
 def new generation   total 8064K, used 7832K [0x00000000f0600000, 0x00000000f0ec0000, 0x00000000f5950000)
  eden space 7168K, 100% used [0x00000000f0600000, 0x00000000f0d00000, 0x00000000f0d00000)
  from space 896K,  74% used [0x00000000f0de0000, 0x00000000f0e862e0, 0x00000000f0ec0000)
  to   space 896K,   0% used [0x00000000f0d00000, 0x00000000f0d00000, 0x00000000f0de0000)
 tenured generation   total 17772K, used 15735K [0x00000000f5950000, 0x00000000f6aab000, 0x0000000100000000)
   the space 17772K,  88% used [0x00000000f5950000, 0x00000000f68adf38, 0x00000000f68ae000, 0x00000000f6aab000)
 Metaspace       used 22527K, capacity 22886K, committed 23168K, reserved 1069056K
  class space    used 2731K, capacity 2862K, committed 2944K, reserved 1048576K
Event: 21,325 GC heap after
Heap after GC invocations=51 (full 1):
 def new generation   total 8064K, used 896K [0x00000000f0600000, 0x00000000f0ec0000, 0x00000000f5950000)
  eden space 7168K,   0% used [0x00000000f0600000, 0x00000000f0600000, 0x00000000f0d00000)
  from space 896K, 100% used [0x00000000f0d00000, 0x00000000f0de0000, 0x00000000f0de0000)
  to   space 896K,   0% used [0x00000000f0de0000, 0x00000000f0de0000, 0x00000000f0ec0000)
 tenured generation   total 17772K, used 16557K [0x00000000f5950000, 0x00000000f6aab000, 0x0000000100000000)
   the space 17772K,  93% used [0x00000000f5950000, 0x00000000f697b490, 0x00000000f697b600, 0x00000000f6aab000)
 Metaspace       used 22527K, capacity 22886K, committed 23168K, reserved 1069056K
  class space    used 2731K, capacity 2862K, committed 2944K, reserved 1048576K
}
Event: 21,708 GC heap before
{Heap before GC invocations=51 (full 1):
 def new generation   total 8064K, used 8064K [0x00000000f0600000, 0x00000000f0ec0000, 0x00000000f5950000)
  eden space 7168K, 100% used [0x00000000f0600000, 0x00000000f0d00000, 0x00000000f0d00000)
  from space 896K, 100% used [0x00000000f0d00000, 0x00000000f0de0000, 0x00000000f0de0000)
  to   space 896K,   0% used [0x00000000f0de0000, 0x00000000f0de0000, 0x00000000f0ec0000)
 tenured generation   total 17772K, used 16557K [0x00000000f5950000, 0x00000000f6aab000, 0x0000000100000000)
   the space 17772K,  93% used [0x00000000f5950000, 0x00000000f697b490, 0x00000000f697b600, 0x00000000f6aab000)
 Metaspace       used 22552K, capacity 22886K, committed 23168K, reserved 1069056K
  class space    used 2740K, capacity 2862K, committed 2944K, reserved 1048576K
Event: 21,747 GC heap after
Heap after GC invocations=52 (full 1):
 def new generation   total 8064K, used 895K [0x00000000f0600000, 0x00000000f0ec0000, 0x00000000f5950000)
  eden space 7168K,   0% used [0x00000000f0600000, 0x00000000f0600000, 0x00000000f0d00000)
  from space 896K,  99% used [0x00000000f0de0000, 0x00000000f0ebfff8, 0x00000000f0ec0000)
  to   space 896K,   0% used [0x00000000f0d00000, 0x00000000f0d00000, 0x00000000f0de0000)
 tenured generation   total 17772K, used 16895K [0x00000000f5950000, 0x00000000f6aab000, 0x0000000100000000)
   the space 17772K,  95% used [0x00000000f5950000, 0x00000000f69cffe0, 0x00000000f69d0000, 0x00000000f6aab000)
 Metaspace       used 22552K, capacity 22886K, committed 23168K, reserved 1069056K
  class space    used 2740K, capacity 2862K, committed 2944K, reserved 1048576K
}
Event: 22,036 GC heap before
{Heap before GC invocations=52 (full 1):
 def new generation   total 8064K, used 8063K [0x00000000f0600000, 0x00000000f0ec0000, 0x00000000f5950000)
  eden space 7168K, 100% used [0x00000000f0600000, 0x00000000f0d00000, 0x00000000f0d00000)
  from space 896K,  99% used [0x00000000f0de0000, 0x00000000f0ebfff8, 0x00000000f0ec0000)
  to   space 896K,   0% used [0x00000000f0d00000, 0x00000000f0d00000, 0x00000000f0de0000)
 tenured generation   total 17772K, used 16895K [0x00000000f5950000, 0x00000000f6aab000, 0x0000000100000000)
   the space 17772K,  95% used [0x00000000f5950000, 0x00000000f69cffe0, 0x00000000f69d0000, 0x00000000f6aab000)
 Metaspace       used 22555K, capacity 22886K, committed 23168K, reserved 1069056K
  class space    used 2741K, capacity 2862K, committed 2944K, reserved 1048576K
Event: 22,057 GC heap after
Heap after GC invocations=53 (full 1):
 def new generation   total 8064K, used 896K [0x00000000f0600000, 0x00000000f0ec0000, 0x00000000f5950000)
  eden space 7168K,   0% used [0x00000000f0600000, 0x00000000f0600000, 0x00000000f0d00000)
  from space 896K, 100% used [0x00000000f0d00000, 0x00000000f0de0000, 0x00000000f0de0000)
  to   space 896K,   0% used [0x00000000f0de0000, 0x00000000f0de0000, 0x00000000f0ec0000)
 tenured generation   total 17772K, used 17260K [0x00000000f5950000, 0x00000000f6aab000, 0x0000000100000000)
   the space 17772K,  97% used [0x00000000f5950000, 0x00000000f6a2b1f0, 0x00000000f6a2b200, 0x00000000f6aab000)
 Metaspace       used 22555K, capacity 22886K, committed 23168K, reserved 1069056K
  class space    used 2741K, capacity 2862K, committed 2944K, reserved 1048576K
}
Event: 22,443 GC heap before
{Heap before GC invocations=53 (full 1):
 def new generation   total 8064K, used 8064K [0x00000000f0600000, 0x00000000f0ec0000, 0x00000000f5950000)
  eden space 7168K, 100% used [0x00000000f0600000, 0x00000000f0d00000, 0x00000000f0d00000)
  from space 896K, 100% used [0x00000000f0d00000, 0x00000000f0de0000, 0x00000000f0de0000)
  to   space 896K,   0% used [0x00000000f0de0000, 0x00000000f0de0000, 0x00000000f0ec0000)
 tenured generation   total 17772K, used 17260K [0x00000000f5950000, 0x00000000f6aab000, 0x0000000100000000)
   the space 17772K,  97% used [0x00000000f5950000, 0x00000000f6a2b1f0, 0x00000000f6a2b200, 0x00000000f6aab000)
 Metaspace       used 22556K, capacity 22886K, committed 23168K, reserved 1069056K
  class space    used 2741K, capacity 2862K, committed 2944K, reserved 1048576K
Event: 22,475 GC heap after
Heap after GC invocations=54 (full 1):
 def new generation   total 8064K, used 895K [0x00000000f0600000, 0x00000000f0ec0000, 0x00000000f5950000)
  eden space 7168K,   0% used [0x00000000f0600000, 0x00000000f0600000, 0x00000000f0d00000)
  from space 896K,  99% used [0x00000000f0de0000, 0x00000000f0ebfff8, 0x00000000f0ec0000)
  to   space 896K,   0% used [0x00000000f0d00000, 0x00000000f0d00000, 0x00000000f0de0000)
 tenured generation   total 17772K, used 17705K [0x00000000f5950000, 0x00000000f6aab000, 0x0000000100000000)
   the space 17772K,  99% used [0x00000000f5950000, 0x00000000f6a9a788, 0x00000000f6a9a800, 0x00000000f6aab000)
 Metaspace       used 22556K, capacity 22886K, committed 23168K, reserved 1069056K
  class space    used 2741K, capacity 2862K, committed 2944K, reserved 1048576K
}
Event: 22,811 GC heap before
{Heap before GC invocations=54 (full 1):
 def new generation   total 8064K, used 8063K [0x00000000f0600000, 0x00000000f0ec0000, 0x00000000f5950000)
  eden space 7168K, 100% used [0x00000000f0600000, 0x00000000f0d00000, 0x00000000f0d00000)
  from space 896K,  99% used [0x00000000f0de0000, 0x00000000f0ebfff8, 0x00000000f0ec0000)
  to   space 896K,   0% used [0x00000000f0d00000, 0x00000000f0d00000, 0x00000000f0de0000)
 tenured generation   total 17772K, used 17705K [0x00000000f5950000, 0x00000000f6aab000, 0x0000000100000000)
   the space 17772K,  99% used [0x00000000f5950000, 0x00000000f6a9a788, 0x00000000f6a9a800, 0x00000000f6aab000)
 Metaspace       used 22559K, capacity 22950K, committed 23168K, reserved 1069056K
  class space    used 2741K, capacity 2862K, committed 2944K, reserved 1048576K

