# JRE version: Java(TM) SE Runtime Environment (8.0_91-b14) (build 1.8.0_91-b14)
# Java VM: Java HotSpot(TM) 64-Bit Server VM (25.91-b14 mixed mode linux-amd64 compressed oops)
Heap:
 def new generation   total 11200K, used 5000K [0x00000000f0600000, 0x00000000f1220000, 0x00000000f5950000)
  eden space 9984K,  40% used [0x00000000f0600000, 0x00000000f09f3508, 0x00000000f0fc0000)
  from space 1216K,  78% used [0x00000000f0fc0000, 0x00000000f10aec08, 0x00000000f10f0000)
  to   space 1216K,   0% used [0x00000000f10f0000, 0x00000000f10f0000, 0x00000000f1220000)
 tenured generation   total 24744K, used 15915K [0x00000000f5950000, 0x00000000f717a000, 0x0000000100000000)
   the space 24744K,  64% used [0x00000000f5950000, 0x00000000f68dae70, 0x00000000f68db000, 0x00000000f717a000)
 Metaspace       used 23990K, capacity 24324K, committed 24576K, reserved 1071104K
  class space    used 2957K, capacity 3059K, committed 3072K, reserved 1048576K
GC Heap History (10 events):
Event: 13,238 GC heap before
{Heap before GC invocations=56 (full 2):
 def new generation   total 11200K, used 11200K [0x00000000f0600000, 0x00000000f1220000, 0x00000000f5950000)
  eden space 9984K, 100% used [0x00000000f0600000, 0x00000000f0fc0000, 0x00000000f0fc0000)
  from space 1216K, 100% used [0x00000000f10f0000, 0x00000000f1220000, 0x00000000f1220000)
  to   space 1216K,   0% used [0x00000000f0fc0000, 0x00000000f0fc0000, 0x00000000f10f0000)
 tenured generation   total 24744K, used 14969K [0x00000000f5950000, 0x00000000f717a000, 0x0000000100000000)
   the space 24744K,  60% used [0x00000000f5950000, 0x00000000f67ee760, 0x00000000f67ee800, 0x00000000f717a000)
 Metaspace       used 22599K, capacity 22898K, committed 23168K, reserved 1069056K
  class space    used 2752K, capacity 2864K, committed 2944K, reserved 1048576K
Event: 13,243 GC heap after
Heap after GC invocations=57 (full 2):
 def new generation   total 11200K, used 207K [0x00000000f0600000, 0x00000000f1220000, 0x00000000f5950000)
  eden space 9984K,   0% used [0x00000000f0600000, 0x00000000f0600000, 0x00000000f0fc0000)
  from space 1216K,  17% used [0x00000000f0fc0000, 0x00000000f0ff3cc0, 0x00000000f10f0000)
  to   space 1216K,   0% used [0x00000000f10f0000, 0x00000000f10f0000, 0x00000000f1220000)
 tenured generation   total 24744K, used 15347K [0x00000000f5950000, 0x00000000f717a000, 0x0000000100000000)
   the space 24744K,  62% used [0x00000000f5950000, 0x00000000f684cc50, 0x00000000f684ce00, 0x00000000f717a000)
 Metaspace       used 22599K, capacity 22898K, committed 23168K, reserved 1069056K
  class space    used 2752K, capacity 2864K, committed 2944K, reserved 1048576K
}
Event: 13,434 GC heap before
{Heap before GC invocations=57 (full 2):
 def new generation   total 11200K, used 10191K [0x00000000f0600000, 0x00000000f1220000, 0x00000000f5950000)
  eden space 9984K, 100% used [0x00000000f0600000, 0x00000000f0fc0000, 0x00000000f0fc0000)
  from space 1216K,  17% used [0x00000000f0fc0000, 0x00000000f0ff3cc0, 0x00000000f10f0000)
  to   space 1216K,   0% used [0x00000000f10f0000, 0x00000000f10f0000, 0x00000000f1220000)
 tenured generation   total 24744K, used 15347K [0x00000000f5950000, 0x00000000f717a000, 0x0000000100000000)
   the space 24744K,  62% used [0x00000000f5950000, 0x00000000f684cc50, 0x00000000f684ce00, 0x00000000f717a000)
 Metaspace       used 22736K, capacity 23064K, committed 23168K, reserved 1069056K
  class space    used 2766K, capacity 2897K, committed 2944K, reserved 1048576K
Event: 13,442 GC heap after
Heap after GC invocations=58 (full 2):
 def new generation   total 11200K, used 421K [0x00000000f0600000, 0x00000000f1220000, 0x00000000f5950000)
  eden space 9984K,   0% used [0x00000000f0600000, 0x00000000f0600000, 0x00000000f0fc0000)
  from space 1216K,  34% used [0x00000000f10f0000, 0x00000000f1159708, 0x00000000f1220000)
  to   space 1216K,   0% used [0x00000000f0fc0000, 0x00000000f0fc0000, 0x00000000f10f0000)
 tenured generation   total 24744K, used 15347K [0x00000000f5950000, 0x00000000f717a000, 0x0000000100000000)
   the space 24744K,  62% used [0x00000000f5950000, 0x00000000f684cc50, 0x00000000f684ce00, 0x00000000f717a000)
 Metaspace       used 22736K, capacity 23064K, committed 23168K, reserved 1069056K
  class space    used 2766K, capacity 2897K, committed 2944K, reserved 1048576K
}
Event: 13,610 GC heap before
{Heap before GC invocations=58 (full 2):
 def new generation   total 11200K, used 10405K [0x00000000f0600000, 0x00000000f1220000, 0x00000000f5950000)
  eden space 9984K, 100% used [0x00000000f0600000, 0x00000000f0fc0000, 0x00000000f0fc0000)
  from space 1216K,  34% used [0x00000000f10f0000, 0x00000000f1159708, 0x00000000f1220000)
  to   space 1216K,   0% used [0x00000000f0fc0000, 0x00000000f0fc0000, 0x00000000f10f0000)
 tenured generation   total 24744K, used 15347K [0x00000000f5950000, 0x00000000f717a000, 0x0000000100000000)
   the space 24744K,  62% used [0x00000000f5950000, 0x00000000f684cc50, 0x00000000f684ce00, 0x00000000f717a000)
 Metaspace       used 22813K, capacity 23134K, committed 23424K, reserved 1069056K
  class space    used 2778K, capacity 2898K, committed 2944K, reserved 1048576K
Event: 13,620 GC heap after
Heap after GC invocations=59 (full 2):
 def new generation   total 11200K, used 434K [0x00000000f0600000, 0x00000000f1220000, 0x00000000f5950000)
  eden space 9984K,   0% used [0x00000000f0600000, 0x00000000f0600000, 0x00000000f0fc0000)
  from space 1216K,  35% used [0x00000000f0fc0000, 0x00000000f102c928, 0x00000000f10f0000)
  to   space 1216K,   0% used [0x00000000f10f0000, 0x00000000f10f0000, 0x00000000f1220000)
 tenured generation   total 24744K, used 15347K [0x00000000f5950000, 0x00000000f717a000, 0x0000000100000000)
   the space 24744K,  62% used [0x00000000f5950000, 0x00000000f684cc50, 0x00000000f684ce00, 0x00000000f717a000)
 Metaspace       used 22813K, capacity 23134K, committed 23424K, reserved 1069056K
  class space    used 2778K, capacity 2898K, committed 2944K, reserved 1048576K
}
Event: 14,359 GC heap before
{Heap before GC invocations=59 (full 2):
 def new generation   total 11200K, used 10418K [0x00000000f0600000, 0x00000000f1220000, 0x00000000f5950000)
  eden space 9984K, 100% used [0x00000000f0600000, 0x00000000f0fc0000, 0x00000000f0fc0000)
  from space 1216K,  35% used [0x00000000f0fc0000, 0x00000000f102c928, 0x00000000f10f0000)
  to   space 1216K,   0% used [0x00000000f10f0000, 0x00000000f10f0000, 0x00000000f1220000)
 tenured generation   total 24744K, used 15347K [0x00000000f5950000, 0x00000000f717a000, 0x0000000100000000)
   the space 24744K,  62% used [0x00000000f5950000, 0x00000000f684cc50, 0x00000000f684ce00, 0x00000000f717a000)
 Metaspace       used 23206K, capacity 23582K, committed 23808K, reserved 1071104K
  class space    used 2838K, capacity 2962K, committed 3072K, reserved 1048576K
Event: 14,386 GC heap after
Heap after GC invocations=60 (full 2):
 def new generation   total 11200K, used 1049K [0x00000000f0600000, 0x00000000f1220000, 0x00000000f5950000)
  eden space 9984K,   0% used [0x00000000f0600000, 0x00000000f0600000, 0x00000000f0fc0000)
  from space 1216K,  86% used [0x00000000f10f0000, 0x00000000f11f65b0, 0x00000000f1220000)
  to   space 1216K,   0% used [0x00000000f0fc0000, 0x00000000f0fc0000, 0x00000000f10f0000)
 tenured generation   total 24744K, used 15347K [0x00000000f5950000, 0x00000000f717a000, 0x0000000100000000)
   the space 24744K,  62% used [0x00000000f5950000, 0x00000000f684cc50, 0x00000000f684ce00, 0x00000000f717a000)
 Metaspace       used 23206K, capacity 23582K, committed 23808K, reserved 1071104K
  class space    used 2838K, capacity 2962K, committed 3072K, reserved 1048576K
}
Event: 15,499 GC heap before
{Heap before GC invocations=60 (full 2):
 def new generation   total 11200K, used 11033K [0x00000000f0600000, 0x00000000f1220000, 0x00000000f5950000)
  eden space 9984K, 100% used [0x00000000f0600000, 0x00000000f0fc0000, 0x00000000f0fc0000)
  from space 1216K,  86% used [0x00000000f10f0000, 0x00000000f11f65b0, 0x00000000f1220000)
  to   space 1216K,   0% used [0x00000000f0fc0000, 0x00000000f0fc0000, 0x00000000f10f0000)
 tenured generation   total 24744K, used 15347K [0x00000000f5950000, 0x00000000f717a000, 0x0000000100000000)
   the space 24744K,  62% used [0x00000000f5950000, 0x00000000f684cc50, 0x00000000f684ce00, 0x00000000f717a000)
 Metaspace       used 23854K, capacity 24260K, committed 24576K, reserved 1071104K
  class space    used 2932K, capacity 3059K, committed 3072K, reserved 1048576K
Event: 15,541 GC heap after
Heap after GC invocations=61 (full 2):
 def new generation   total 11200K, used 955K [0x00000000f0600000, 0x00000000f1220000, 0x00000000f5950000)
  eden space 9984K,   0% used [0x00000000f0600000, 0x00000000f0600000, 0x00000000f0fc0000)
  from space 1216K,  78% used [0x00000000f0fc0000, 0x00000000f10aec08, 0x00000000f10f0000)
  to   space 1216K,   0% used [0x00000000f10f0000, 0x00000000f10f0000, 0x00000000f1220000)
 tenured generation   total 24744K, used 15915K [0x00000000f5950000, 0x00000000f717a000, 0x0000000100000000)
   the space 24744K,  64% used [0x00000000f5950000, 0x00000000f68dae70, 0x00000000f68db000, 0x00000000f717a000)
 Metaspace       used 23854K, capacity 24260K, committed 24576K, reserved 1071104K
  class space    used 2932K, capacity 3059K, committed 3072K, reserved 1048576K
}

